SRC = \
sp_ds/extensions/Col_PN/FlexBison/SP_CPN_Scanner.cc \
sp_ds/extensions/Col_PN/FlexBison/SP_CPN_Driver.cc \
sp_ds/extensions/Col_PN/FlexBison/SP_CPN_Parser.cc \
snoopy.cpp \
import/SP_ImportAPNN.cpp \
import/SP_ImportSBML.cpp \
import/SP_ImportCSV.cpp \
import/SP_ImportFTree_DNF.cpp \
import/SP_ImportANDL.cpp \
import/SP_ImportCANDL.cpp \
import/SP_ImportPNML2ColPN.cpp \
import/SP_ImportSBML2extPN.cpp \
import/SP_ImportSBML2sPn.cpp \
import/SP_ImportSBML2cntPn.cpp \
import/SP_ImportPED.cpp \
import/SP_ImportCSV2ColPN.cpp \
import/SP_ImportCSV2SPN.cpp \
import/SP_ImportManager.cpp \
import/SP_ImportTINA.cpp \
import/erode/ErodeParser.cpp \
import/erode/DocBuilder.cpp \
import/erode/SP_ImportERODE.cpp \
import/SP_ImportPNML.cpp \
sp_gr/SP_GR_Edge.cpp \
sp_gr/attributes/SP_GR_SoundAttribute.cpp \
sp_gr/attributes/SP_GR_MultiplicityAttribute.cpp \
sp_gr/attributes/SP_GR_ImageAttribute.cpp \
sp_gr/attributes/SP_GR_DoubleMarkAttribute.cpp \
sp_gr/attributes/gra_SPN/SP_GR_StParameterListAttribute.cpp \
sp_gr/attributes/gra_SPN/SP_GR_StFunctionAttribute.cpp \
sp_gr/attributes/SP_GR_MarkNumberAttribute.cpp \
sp_gr/attributes/SP_GR_CommentAttribute.cpp \
sp_gr/attributes/SP_GR_ColListAttribute.cpp \
sp_gr/attributes/SP_GR_DoubleMultiplicityAttribute.cpp \
sp_gr/attributes/SP_GR_TextAttribute.cpp \
sp_gr/attributes/SP_GR_NumberAttribute.cpp \
sp_gr/attributes/SP_GR_HiddenTextAttribute.cpp \
sp_gr/attributes/SP_GR_DoubleAttribute.cpp \
sp_gr/attributes/SP_GR_MarkAttribute.cpp \
sp_gr/attributes/SP_GR_ContinuousMarkAttribute.cpp \
sp_gr/metadata/SP_GR_MetaRectangle.cpp \
sp_gr/metadata/SP_GR_PlotSymbol.cpp \
sp_gr/metadata/SP_GR_MetaDrawnShape.cpp \
sp_gr/metadata/SP_GR_MetaComposite.cpp \
sp_gr/shapes/SP_GR_RectangleNoMerge.cpp \
sp_gr/shapes/SP_GR_Circle.cpp \
sp_gr/shapes/SP_GR_ExtendedEllipse.cpp \
sp_gr/shapes/SP_GR_ExtendedParameterCondition.cpp \
sp_gr/shapes/SP_GR_ExtendedDrawnShape.cpp \
sp_gr/shapes/SP_GR_MusicTransition.cpp \
sp_gr/shapes/SP_GR_Actor.cpp \
sp_gr/shapes/SP_GR_Rhombus.cpp \
sp_gr/shapes/SP_GR_EllipseNoMerge.cpp \
sp_gr/shapes/SP_GR_ExtendedRectangle.cpp \
sp_gr/shapes/SP_GR_ExtendedParallelogram.cpp \
sp_gr/shapes/SP_GR_ExtendedPaPLoop.cpp \
sp_gr/shapes/SP_GR_DrawnShape.cpp \
sp_gr/shapes/SP_GR_ExtendedRhombus.cpp \
sp_gr/shapes/SP_GR_ExtendedCircle.cpp \
sp_gr/shapes/SP_GR_Condition.cpp \
sp_gr/shapes/SP_GR_Rectangle.cpp \
sp_gr/shapes/SP_GR_ExtendedAction.cpp \
sp_gr/shapes/SP_GR_Ellipse.cpp \
sp_gr/shapes/SP_GR_GateRectangle.cpp \
sp_gr/shapes/SP_GR_ExtendedState.cpp \
sp_gr/shapes/SP_GR_NamedRectangle.cpp \
sp_gr/base/SP_GR_BaseDrawn.cpp \
sp_gr/base/SP_GR_BaseEdge.cpp \
sp_gr/base/SP_GR_BaseCircle.cpp \
sp_gr/base/SP_GR_BaseEllipse.cpp \
sp_gr/base/SP_GR_BaseBitmap.cpp \
sp_gr/base/SP_GR_BaseText.cpp \
sp_gr/base/SP_GR_BaseRectangle.cpp \
sp_gr/edges/SP_GR_ExtendedEdge.cpp \
sp_gr/edges/SP_GR_FaultEdge.cpp \
sp_gr/edges/SP_GR_ArrowEdge.cpp \
sp_gr/animators/SP_GR_MarkAnimator.cpp \
sp_gr/eventhandler/SP_GRM_ShapeHandler.cpp \
sp_gr/eventhandler/SP_GRM_UpwardHandler.cpp \
sp_gr/eventhandler/SP_GRM_AttributeHandler.cpp \
sp_gr/eventhandler/SP_GRM_EventHandler.cpp \
sp_gr/eventhandler/SP_GRM_EdgeHandler.cpp \
sp_gr/SP_GR_Node.cpp \
sp_gr/SP_GR_Animator.cpp \
sp_gr/SP_GR_Metadata.cpp \
sp_gr/SP_GR_Attribute.cpp \
sp_utilities.cpp \
sp_gui/dialogs/SP_DLG_ColSimulationProperties.cpp \
sp_gui/dialogs/dia_colFCPN/SP_DLG_ColFCPNSimulationResults.cpp \
sp_gui/dialogs/SP_DLG_NewObserverDefinition.cpp \
sp_gui/dialogs/SP_DLG_OverwriteDeclarations.cpp \
sp_gui/dialogs/dia_colFSPN/SP_DLG_ColFSPNSimulationResults.cpp \
sp_gui/dialogs/SP_DLG_CheckDuplicateNodes.cpp \
sp_gui/dialogs/SP_DLG_SMART.cpp \
sp_gui/dialogs/SP_DLG_ExportProperties.cpp \
sp_gui/dialogs/SP_DLG_TransformGraphic.cpp \
sp_gui/dialogs/SP_DLG_ColShowAllModelViewh.cpp \
sp_gui/dialogs/SP_DLG_ColListOverview.cpp \
sp_gui/dialogs/SP_DLG_ChoseCoarse.cpp \
sp_gui/dialogs/SP_DLG_MergeNodes.cpp \
sp_gui/dialogs/dia_colFHPN/SP_DLG_ColFHPNSimulationResults.cpp \
sp_gui/dialogs/SP_DLG_SortNodes.cpp \
sp_gui/dialogs/SP_DLG_NewConstantDefinition.cpp \
sp_gui/dialogs/SP_DLG_IARegCmdList.cpp \
sp_gui/dialogs/SP_DLG_ChooseFTreeReduction.cpp \
sp_gui/dialogs/dia_ContinuousPN/SP_DLG_CSVExport.cpp \
sp_gui/dialogs/dia_ContinuousPN/SP_DLG_CPNColDirSimResults.cpp \
sp_gui/dialogs/dia_ContinuousPN/SP_DLG_CPNSimulationResults.cpp \
sp_gui/dialogs/SP_DLG_ReduceFTree.cpp \
sp_gui/dialogs/SP_DLG_ResultViewerProperties.cpp \
sp_gui/dialogs/SP_DLG_SearchId.cpp \
sp_gui/dialogs/SP_DLG_GlobalPreferences.cpp \
sp_gui/dialogs/dia_ColHPN/SP_DLG_ColHPNSimultionResults.cpp \
sp_gui/dialogs/SP_DLG_Simulation.cpp \
sp_gui/dialogs/SP_DLG_IACommandConfigure.cpp \
sp_gui/dialogs/SP_DLG_DShowAllModelView.cpp \
sp_gui/dialogs/SP_DLG_ImportProperties.cpp \
sp_gui/dialogs/dia_HybridPN/SP_DLG_HybridSimultionResults.cpp \
sp_gui/dialogs/dia_HybridPN/SP_DLG_HybridMarkingOverview.cpp \
sp_gui/dialogs/SP_DLG_ShowAllModelView.cpp \
sp_gui/dialogs/SP_DLG_ChooseInvariant.cpp \
sp_gui/dialogs/SP_DLG_AnimationProperties.cpp \
sp_gui/dialogs/SP_DLG_ApplySound.cpp \
sp_gui/dialogs/SP_DLG_NetInformations.cpp \
sp_gui/dialogs/SP_DLG_ConvertElements.cpp \
sp_gui/dialogs/SP_DLG_SimulationPlaceSelection.cpp \
sp_gui/dialogs/SP_DLG_CheckNet.cpp \
sp_gui/dialogs/SP_DLG_ViewerWindowSteering.cpp \
sp_gui/dialogs/SP_DLG_DirColStSimulation.cpp \
sp_gui/dialogs/SP_DLG_ImportSBML2extPN.cpp \
sp_gui/dialogs/dia_ColSPN/SP_DLG_ColStFunctionOverview.cpp \
sp_gui/dialogs/dia_ColSPN/SP_WDG_ColStFunctionList.cpp \
sp_gui/dialogs/dia_ColSPN/SP_DLG_DPlacesSelection.cpp \
sp_gui/dialogs/dia_ColSPN/SP_DLG_ColStSimulationResults.cpp \
sp_gui/dialogs/dia_ColSPN/SP_DLG_DColPlacesSelection.cpp \
sp_gui/dialogs/dia_ColSPN/SP_DLG_ColStUnfolding.cpp \
sp_gui/dialogs/dia_ColSPN/SP_WDG_ColStMarkingList.cpp \
sp_gui/dialogs/dia_ColSPN/SP_DLG_PlacesSelection.cpp \
sp_gui/dialogs/dia_ColSPN/SP_DLG_ColStMarkingOverview.cpp \
sp_gui/dialogs/dia_ColSPN/TraceAnalyzer/SP_DLG_ColColoredPlaceSelection.cpp \
sp_gui/dialogs/dia_ColSPN/TraceAnalyzer/SP_DLG_ColAuxiliaryVariable.cpp \
sp_gui/dialogs/dia_ColSPN/SP_DLG_ColPlacesSelection.cpp \
sp_gui/dialogs/SP_DLG_IAConfigure.cpp \
sp_gui/dialogs/SP_DLG_DirColorSimulation.cpp \
sp_gui/dialogs/SP_DLG_LayoutProperties.cpp \
sp_gui/dialogs/dia_CPN/SP_DLG_ChooseMasterNet.cpp \
sp_gui/dialogs/dia_CPN/SP_DLG_ConstantDefinition.cpp \
sp_gui/dialogs/dia_CPN/SP_DLG_SortDialoug.cpp \
sp_gui/dialogs/dia_CPN/SP_DLG_FunctionAssistent.cpp \
sp_gui/dialogs/dia_CPN/SP_DLG_ColorSetOverview.cpp \
sp_gui/dialogs/dia_CPN/SP_DLG_FunctionDefinition.cpp \
sp_gui/dialogs/dia_CPN/SP_WDG_ColExtMarkingList.cpp \
sp_gui/dialogs/dia_CPN/SP_DLG_ColorSetSelection.cpp \
sp_gui/dialogs/dia_CPN/SP_DLG_FuncParaDecl.cpp \
sp_gui/dialogs/dia_CPN/SP_WDG_DeclarationTreectrl.cpp \
sp_gui/dialogs/dia_CPN/SP_DLG_VariableDefinition.cpp \
sp_gui/dialogs/dia_CPN/SP_DLG_BindingSelection.cpp \
sp_gui/dialogs/dia_CPN/SP_DLG_ColorSetSetting.cpp \
sp_gui/dialogs/dia_CPN/SP_DLG_ExpressionAssistent.cpp \
sp_gui/dialogs/dia_CPN/SP_WDG_Guard.cpp \
sp_gui/dialogs/dia_CPN/SP_WDG_ArcInscription.cpp \
sp_gui/dialogs/dia_CPN/SP_DLG_RandomMarking.cpp \
sp_gui/dialogs/dia_CPN/SP_DLG_InscriptionOverview.cpp \
sp_gui/dialogs/dia_CPN/SP_DLG_GuardOverview.cpp \
sp_gui/dialogs/dia_CPN/SP_DLG_CPNDeclaration.cpp \
sp_gui/dialogs/dia_CPN/SP_DLG_TwinNetSetting.cpp \
sp_gui/dialogs/dia_CPN/SP_DLG_RandomColor.cpp \
sp_gui/dialogs/dia_SteeringGUI/SP_GUI_ConnectToServer.cpp \
sp_gui/dialogs/dia_SteeringGUI/SP_DLG_SimulatorSetting.cpp \
sp_gui/dialogs/dia_SteeringGUI/SP_GUI_SteeringDialog.cpp \
sp_gui/dialogs/dia_SteeringGUI/SP_GUI_SteeringSubWindow.cpp \
sp_gui/dialogs/dia_SteeringGUI/SP_GUI_SteeringOptions.cpp \
sp_gui/dialogs/dia_SteeringGUI/SP_DS_GUI_SteeringSetting.cpp \
sp_gui/dialogs/dia_SteeringGUI/SP_GUI_SelectEditingList.cpp \
sp_gui/dialogs/dia_SteeringGUI/SP_DLG_SelectNodes.cpp \
sp_gui/dialogs/dia_SteeringGUI/SP_DLG_ChangeCurveAttributes.cpp \
sp_gui/dialogs/SP_DLG_SaveContinuousEquationProperties.cpp \
sp_gui/dialogs/SP_DLG_Animation.cpp \
sp_gui/dialogs/SP_DLG_SimulationParamterSelection.cpp \
sp_gui/dialogs/SP_DLG_MarkingOverview.cpp \
sp_gui/dialogs/SP_DLG_ViewerWindow.cpp \
sp_gui/dialogs/SP_DLG_GraphProperties.cpp \
sp_gui/dialogs/SP_DLG_DirSimulation.cpp \
sp_gui/dialogs/SP_DLG_BaseSimulation.cpp \
sp_gui/dialogs/SP_DLG_About.cpp \
sp_gui/dialogs/dia_ColCPN/SP_DLG_ColCPNDirSimulationResults.cpp \
sp_gui/dialogs/dia_ColCPN/SP_DLG_ColCPNSimulationResults.cpp \
sp_gui/dialogs/dia_FPN/SP_DLG_FspnSimResult.cpp \
sp_gui/dialogs/dia_FPN/SP_DS_FspnSimulThread.cpp \
sp_gui/dialogs/dia_FPN/SP_DS_FcpnSimulThread.cpp \
sp_gui/dialogs/dia_FPN/SP_DS_FhpnSimulationThread.cpp \
sp_gui/dialogs/dia_FPN/SP_DS_Fuzzy_MinMaxThread.cpp \
sp_gui/dialogs/dia_FPN/SP_DLG_FCPNSimulationResults.cpp \
sp_gui/dialogs/dia_FPN/SP_DLG_FpnConstantDefinition.cpp \
sp_gui/dialogs/dia_FPN/SP_DLG_SamplingProperties.cpp \
sp_gui/dialogs/dia_FPN/SP_TfnMembershipList.cpp \
sp_gui/dialogs/dia_FPN/SP_DS_FuzzyResult_Thread.cpp \
sp_gui/dialogs/dia_FPN/FuzzyReasoning.cpp \
sp_gui/dialogs/dia_FPN/SP_DS_FhpnSimulThread.cpp \
sp_gui/dialogs/dia_FPN/SP_DLG_FuzzyNumber_Drawing.cpp \
sp_gui/dialogs/dia_FPN/SP_DLG_FHybridSimultionResults.cpp \
sp_gui/dialogs/dia_FPN/SP_Compressed_Fuzzy_Band.cpp \
sp_gui/dialogs/dia_FPN/TriangularFN.cpp \
sp_gui/dialogs/SP_DLG_SimulationProperties.cpp \
sp_gui/dialogs/SP_DLG_CheckForUpdate.cpp \
sp_gui/dialogs/SP_DLG_DuplicateNodes.cpp \
sp_gui/dialogs/SP_DLG_SelectXAxisVariable.cpp \
sp_gui/dialogs/SP_DLG_ShapeProperties.cpp \
sp_gui/dialogs/SP_DLG_ChooseFTreeCutSet.cpp \
sp_gui/dialogs/dia_SPN/SP_DLG_StFunctionOverview.cpp \
sp_gui/dialogs/dia_SPN/SP_DLG_StSimulationResults.cpp \
sp_gui/dialogs/dia_SPN/SP_DLG_StParameterOverview.cpp \
sp_gui/dialogs/dia_SPN/SP_DLG_StFunctionAssistent.cpp \
sp_gui/dialogs/dia_SPN/SP_DLG_StDirectExportProperties.cpp \
sp_gui/dialogs/dia_SPN/SP_DLG_StMarkingOverview.cpp \
sp_gui/dialogs/dia_SPN/SP_DLG_StTransformation.cpp \
sp_gui/widgets/SP_WDG_Notebook.cpp \
sp_gui/widgets/SP_WDG_NotebookPage.cpp \
sp_gui/widgets/SP_WDG_Treectrl.cpp \
sp_gui/widgets/dialogs/SP_WDG_DialogMultiline.cpp \
sp_gui/widgets/dialogs/SP_WDG_DialogBase.cpp \
sp_gui/widgets/dialogs/SP_WDG_DialogBool.cpp \
sp_gui/widgets/dialogs/SP_WDG_DialogExtendedGraphic.cpp \
sp_gui/widgets/dialogs/SP_WDG_DialogNumber.cpp \
sp_gui/widgets/dialogs/wid_dia_SPN/SP_WDG_StLookupTable.cpp \
sp_gui/widgets/dialogs/wid_dia_SPN/SP_WDG_StParameterList.cpp \
sp_gui/widgets/dialogs/wid_dia_SPN/SP_WDG_StFunctionList.cpp \
sp_gui/widgets/dialogs/wid_dia_SPN/SP_WDG_StLookupTableName.cpp \
sp_gui/widgets/dialogs/wid_dia_SPN/SP_WDG_StDummyMarking.cpp \
sp_gui/widgets/dialogs/SP_WDG_DialogGraphic.cpp \
sp_gui/widgets/dialogs/SP_WDG_DialogColList.cpp \
sp_gui/widgets/dialogs/SP_WDG_DialogFilename.cpp \
sp_gui/widgets/dialogs/SP_WDG_DialogList.cpp \
sp_gui/widgets/dialogs/SP_WDG_DialogSoundList.cpp \
sp_gui/widgets/dialogs/SP_WDG_DialogUnsigned.cpp \
sp_gui/widgets/dialogs/SP_WDG_DialogChoice.cpp \
sp_gui/widgets/dialogs/SP_WDG_DialogShowOnly.cpp \
sp_gui/widgets/dialogs/SP_WDG_DialogText.cpp \
sp_gui/widgets/dialogs/SP_WDG_SpinCtrlDouble.cpp \
sp_gui/widgets/dialogs/SP_WDG_GridCellChoiceEditor.cpp \
sp_gui/widgets/SP_WDG_Toolbar.cpp \
sp_gui/widgets/SP_WDG_CoarseTreectrl.cpp \
sp_gui/widgets/SP_WDG_GraphTreectrl.cpp \
sp_gui/widgets/SP_WDG_Treebook.cpp \
sp_gui/interaction/SP_IA_XmlReader.cpp \
sp_gui/interaction/SP_IA_Manager.cpp \
sp_gui/interaction/data_processors/SP_IA_DP_ConverterQuantity2Value.cpp \
sp_gui/interaction/data_processors/SP_IA_DP_ConverterValue2Quantity.cpp \
sp_gui/interaction/data_processors/SP_IA_DataProcessor.cpp \
sp_gui/interaction/data_processors/SP_IA_DP_MapperByAttribute.cpp \
sp_gui/interaction/data_processors/SP_IA_DP_FilterByAttribute.cpp \
sp_gui/interaction/data_processors/SP_IA_DP_SetterByPosition.cpp \
sp_gui/interaction/data_processors/SP_IA_DP_AttributeTranslator.cpp \
sp_gui/interaction/data_processors/SP_IA_DP_SetterByClass.cpp \
sp_gui/interaction/data_processors/SP_IA_DP_FilterByClass.cpp \
sp_gui/interaction/data_processors/SP_IA_DP_ElementCreator.cpp \
sp_gui/interaction/data_processors/SP_IA_DP_RGEdgeSourceSetter.cpp \
sp_gui/interaction/SP_IA_XmlWriter.cpp \
sp_gui/interaction/SP_IA_Event.cpp \
sp_gui/interaction/commands/SP_IA_Command_Delete.cpp \
sp_gui/interaction/commands/SP_IA_Command_Hide.cpp \
sp_gui/interaction/commands/SP_IA_Command_Insert.cpp \
sp_gui/interaction/commands/SP_IA_Command.cpp \
sp_gui/interaction/commands/SP_IA_Command_UnHide.cpp \
sp_gui/interaction/commands/SP_IA_Command_SetAttribute.cpp \
sp_gui/interaction/commands/SP_IA_Command_Colorize.cpp \
sp_gui/mdi/SP_MDI_CoarseView.cpp \
sp_gui/mdi/SP_MDI_Diagram.cpp \
sp_gui/mdi/SP_MDI_CoarseDoc.cpp \
sp_gui/mdi/SP_MDI_Doc.cpp \
sp_gui/mdi/SP_MDI_View.cpp \
sp_gui/management/SP_GM_Docmanager.cpp \
sp_gui/management/SP_GM_DocTemplate.cpp \
sp_gui/commands/SP_CMD_ColorizeGraphic.cpp \
sp_gui/commands/SP_CMD_Edit.cpp \
sp_gui/commands/SP_CMD_MoveGraphic.cpp \
sp_gui/layout/SP_Layout.cpp \
sp_gui/layout/SP_LayoutOGDF.cpp \
sp_gui/windows/SP_GUI_Mainframe.cpp \
sp_gui/windows/SP_GUI_Canvas.cpp \
sp_gui/windows/SP_GUI_LogWindow.cpp \
sp_gui/windows/SP_GUI_DevbarContainer.cpp \
sp_gui/windows/SP_GUI_Childframe.cpp \
sp_defines.cpp \
sp_build.cpp \
sp_ds/SP_DS_Graph.cpp \
sp_ds/attributes/SP_DS_DoubleMarkingDependentMultiplicity.cpp \
sp_ds/attributes/SP_DS_ColListAttribute.cpp \
sp_ds/attributes/SP_DS_DoubleMarkingAttribute.cpp \
sp_ds/attributes/SP_DS_DoubleListAttribute.cpp \
sp_ds/attributes/SP_DS_FTreeLogicAttribute.cpp \
sp_ds/attributes/SP_DS_MarkingDependentMultiplicity.cpp \
sp_ds/attributes/SP_DS_MultiplicityAttribute.cpp \
sp_ds/attributes/SP_DS_IdAttribute.cpp \
sp_ds/attributes/SP_DS_LogicAttribute.cpp \
sp_ds/attributes/SP_DS_DoubleMultiplicityAttribute.cpp \
sp_ds/attributes/SP_DS_TextAttribute.cpp \
sp_ds/attributes/SP_DS_FTreeNumberAttribute.cpp \
sp_ds/attributes/SP_DS_ListAttribute.cpp \
sp_ds/attributes/SP_DS_MarkingAttribute.cpp \
sp_ds/attributes/SP_DS_ExtTextAttribute.cpp \
sp_ds/attributes/SP_DS_NumberAttribute.cpp \
sp_ds/attributes/SP_DS_DoubleAttribute.cpp \
sp_ds/attributes/SP_DS_NameAttribute.cpp \
sp_ds/attributes/SP_DS_TypeAttribute.cpp \
sp_ds/attributes/SP_DS_EquationAttribute.cpp \
sp_ds/attributes/SP_DS_ExpressionAttribute.cpp \
sp_ds/attributes/SP_DS_BoolAttribute.cpp \
sp_ds/attributes/SP_DS_ExtIdAttribute.cpp \
sp_ds/attributes/SP_DS_NodeTypeAttribute.cpp \
sp_ds/netclasses/SP_DS_HybridPN.cpp \
sp_ds/netclasses/SP_DS_Fuzzy_ColCPN.cpp \
sp_ds/netclasses/SP_DS_MTIDD.cpp \
sp_ds/netclasses/SP_DS_TimePT.cpp \
sp_ds/netclasses/SP_DS_ColCPN.cpp \
sp_ds/netclasses/SP_DS_ColExtPT.cpp \
sp_ds/netclasses/SP_DS_ExtendedFaultTree.cpp \
sp_ds/netclasses/SP_DS_SimpleGraph.cpp \
sp_ds/netclasses/SP_DS_ModuloNets.cpp \
sp_ds/netclasses/SP_DS_ReachabilityGraph.cpp \
sp_ds/netclasses/SP_DS_MusicPed.cpp \
sp_ds/netclasses/SP_DS_ExtPT.cpp \
sp_ds/netclasses/SP_DS_EventSPN.cpp \
sp_ds/netclasses/SP_DS_ContinuousPed.cpp \
sp_ds/netclasses/SP_DS_ColHPN.cpp \
sp_ds/netclasses/SP_DS_Freestyle.cpp \
sp_ds/netclasses/SP_DS_ColSPN.cpp \
sp_ds/netclasses/SP_DS_MTBDD.cpp \
sp_ds/netclasses/SP_DS_BipartGraph.cpp \
sp_ds/netclasses/SP_DS_ColPT.cpp \
sp_ds/netclasses/SP_DS_FuzzyHybridPN.cpp \
sp_ds/netclasses/SP_DS_Fuzzy_ColSPN.cpp \
sp_ds/netclasses/SP_DS_FuzzyCPN.cpp \
sp_ds/netclasses/SP_DS_FuzzySPN.cpp \
sp_ds/netclasses/SP_DS_FaultTree.cpp \
sp_ds/netclasses/SP_DS_Fuzzy_ColHPN.cpp \
sp_ds/netclasses/SP_DS_SimplePed.cpp \
sp_ds/SP_DS_Nodeclass.cpp \
sp_ds/SP_DS_Animator.cpp \
sp_ds/SP_DS_Attribute.cpp \
sp_ds/SP_DS_Visitor.cpp \
sp_ds/SP_DS_NodeVector.cpp \
sp_ds/animators/SP_DS_CoarseTransAnimator.cpp \
sp_ds/animators/SP_DS_ModNetPlaceAnimator.cpp \
sp_ds/animators/SP_DS_MusTransAnimator.cpp \
sp_ds/animators/ani_HybridPN/SP_DS_HybridAnimation.cpp \
sp_ds/animators/ani_CPN/SP_DS_CPN_CoarseTransAnimator.cpp \
sp_ds/animators/ani_CPN/SP_DS_CPN_PlaceAnimator.cpp \
sp_ds/animators/ani_CPN/SP_DS_CPN_Animation.cpp \
sp_ds/animators/ani_CPN/SP_DS_CPN_TransAnimator.cpp \
sp_ds/animators/SP_DS_FTreeGateAnimator.cpp \
sp_ds/animators/ani_ColSPN/SP_DS_ColStCoarseTransAnimator.cpp \
sp_ds/animators/ani_ColSPN/SP_DS_ColStTransAnimator.cpp \
sp_ds/animators/ani_ColSPN/SP_DS_ColStAnimation.cpp \
sp_ds/animators/ani_ColSPN/SP_DS_ColStPlaceAnimator.cpp \
sp_ds/animators/SP_DS_ExtPTTransAnimator.cpp \
sp_ds/animators/ani_SPN/SP_DS_StPlaceAnimator.cpp \
sp_ds/animators/ani_SPN/SP_DS_StTransAnimator.cpp \
sp_ds/animators/SP_DS_FTreeEventAnimator.cpp \
sp_ds/animators/SP_DS_PlaceAnimator.cpp \
sp_ds/animators/SP_DS_TransAnimator.cpp \
sp_ds/animators/SP_DS_ExtPTPlaceAnimator.cpp \
sp_ds/SP_DS_NodeVectorSystem.cpp \
sp_ds/SP_DS_Node.cpp \
sp_ds/SP_DS_Edge.cpp \
sp_ds/SP_DS_Edgeclass.cpp \
sp_ds/SP_DS_Metadataclass.cpp \
sp_ds/SP_DS_Metadata.cpp \
sp_ds/SP_DS_Netclass.cpp \
sp_ds/extensions/SP_DS_SPN_ExportAnim.cpp \
sp_ds/extensions/ResultViewer/SP_DS_ViewerFuzzyCurve.cpp \
sp_ds/extensions/ResultViewer/SP_DS_HistogramPlotViewer.cpp \
sp_ds/extensions/ResultViewer/SP_DS_PlotViewer.cpp \
sp_ds/extensions/ResultViewer/SP_DS_TableViewer.cpp \
sp_ds/extensions/ResultViewer/SP_DS_ViewerCurve.cpp \
sp_ds/extensions/ResultViewer/SP_DS_xyPlotViewer.cpp \
sp_ds/extensions/ResultViewer/SP_DS_ResultViewer.cpp \
sp_ds/extensions/ResultViewer/SP_DS_Viewer_Fuzzy_Curve.cpp \
sp_ds/extensions/ResultViewer/AttributeTypes/SP_DS_ViewerAttributeCheckBox.cpp \
sp_ds/extensions/ResultViewer/AttributeTypes/SP_DS_ViewerAttributeList.cpp \
sp_ds/extensions/ResultViewer/AttributeTypes/SP_DS_ViewerAttributeText.cpp \
sp_ds/extensions/ResultViewer/AttributeTypes/SP_DS_ViewerAttribute.cpp \
sp_ds/extensions/SP_DS_CPN_AnimExport.cpp \
sp_ds/extensions/SP_DS_Anim_SPN_Import.cpp \
sp_ds/extensions/SP_DS_FunctionRegistry.cpp \
sp_ds/extensions/SP_DS_ThreadEvent.cpp \
sp_ds/extensions/SP_DS_FunctionEvaluator.cpp \
sp_ds/extensions/SP_DS_Export.cpp \
sp_ds/extensions/SP_DS_Formula.cpp \
sp_ds/extensions/SP_DS_ContinuousPedAnimation.cpp \
sp_ds/extensions/SP_DS_Import.cpp \
sp_ds/extensions/SP_DS_Coarse.cpp \
sp_ds/extensions/SP_DS_Simulation.cpp \
sp_ds/extensions/SP_DS_NetCreater.cpp \
sp_ds/extensions/SP_DLG_ColStAnim_Import.cpp \
sp_ds/extensions/continuous/SP_DS_ContinuousPlaceFormula.cpp \
sp_ds/extensions/continuous/SP_DS_PlaceODE.cpp \
sp_ds/extensions/continuous/SP_DS_EquationParser.cpp \
sp_ds/extensions/continuous/SP_DS_EquationParserObject.cpp \
sp_ds/extensions/continuous/SP_DS_EquationParserVariable.cpp \
sp_ds/extensions/continuous/SP_DS_EquationParserConstant.cpp \
sp_ds/extensions/continuous/SP_DS_EquationParserOperator.cpp \
sp_ds/extensions/Col_SPN/SP_DS_ColoredPNSimulation.cpp \
sp_ds/extensions/Col_SPN/SP_DS_ColPN_Unfolding.cpp \
sp_ds/extensions/Col_SPN/SP_DS_ColTraceAnalyzer.cpp \
sp_ds/extensions/Col_SPN/SP_DS_ColPN_ExportUnfolding.cpp \
sp_ds/extensions/Col_SPN/SP_DS_ColoredPNDirSimulation.cpp \
sp_ds/extensions/Col_SPN/SP_DS_ColCSPSovler.cpp \
sp_ds/extensions/Col_SPN/SP_DS_ColPN_Coloring.cpp \
sp_ds/extensions/Col_SPN/SP_DS_DcolTraceAnalyzer.cpp \
sp_ds/extensions/unusedDeclarationsFeature/SP_DS_Graph_Declarations.cpp \
sp_ds/extensions/FTree/SP_DS_FTreeCutSetsCreater.cpp \
sp_ds/extensions/FTree/SP_DS_FTreeExprOfSuccessTreeCreater.cpp \
sp_ds/extensions/FTree/SP_DS_FTreePseudoFormCreater.cpp \
sp_ds/extensions/FTree/SP_DS_FTreeAlgebraicEquationCreater.cpp \
sp_ds/extensions/FTree/SP_DS_FTreeLogicalExpressionReader.cpp \
sp_ds/extensions/FTree/SP_DS_FTreeDNFCreater.cpp \
sp_ds/extensions/FTree/SP_DS_FTreeCreater.cpp \
sp_ds/extensions/FTree/SP_DS_FTreeAnalyser.cpp \
sp_ds/extensions/FTree/SP_DS_FTreeReductionFinder.cpp \
sp_ds/extensions/FTree/SP_DS_FTreeRepairableSystemAnalyser.cpp \
sp_ds/extensions/FTree/SP_DS_FTreeIrreparableSystemAnalyser.cpp \
sp_ds/extensions/FTree/SP_DS_FTreeDeMorganTransformer.cpp \
sp_ds/extensions/FTree/SP_DS_FTreeReductionTransformer.cpp \
sp_ds/extensions/SP_DS_SimulatorThread.cpp \
sp_ds/extensions/ext_SPN/SP_DS_StAnimation.cpp \
sp_ds/extensions/ext_SPN/SP_DS_ApFormula.cpp \
sp_ds/extensions/ext_SPN/SP_DS_StSimTransition.cpp \
sp_ds/extensions/ext_SPN/SP_DS_StSimTimeEventTimeline.cpp \
sp_ds/extensions/ext_SPN/SP_DS_StSimFAU.cpp \
sp_ds/extensions/ext_SPN/SP_DS_StSimTimeEvent.cpp \
sp_ds/extensions/ext_SPN/SP_DS_SimulatorThreadStochastic.cpp \
sp_ds/extensions/ext_SPN/SP_DS_StSimPlace.cpp \
sp_ds/extensions/ext_SPN/SP_DS_ApParser.cpp \
sp_ds/extensions/ext_SPN/SP_DS_StSimImmediateTransitionList.cpp \
sp_ds/extensions/ext_SPN/SP_DS_StSimGillespie.cpp \
sp_ds/extensions/ext_SPN/SP_DS_StAnimationRunElem.cpp \
sp_ds/extensions/ext_SPN/SP_DS_StParser.cpp \
sp_ds/extensions/Col_CPN/SP_DS_ColPlaceODE.cpp \
sp_ds/extensions/Col_CPN/SP_DS_ColCPNPlaceFormula.cpp \
sp_ds/extensions/Col_PN/Preprocessing/SP_ColPN_ProcessGuard.cpp \
sp_ds/extensions/Col_PN/Preprocessing/SP_ColPN_ComBinding.cpp \
sp_ds/extensions/Col_PN/Preprocessing/SP_ColPN_ProcessRateFunction.cpp \
sp_ds/extensions/Col_PN/FlexBison/SP_CPN_Parse_Context.cpp \
sp_ds/extensions/Col_PN/Folding/SP_CPN_GenMasterNet.cpp \
sp_ds/extensions/Col_PN/Folding/SP_CPN_GenTwinNet.cpp \
sp_ds/extensions/Col_PN/Transform/SP_CPNToolXmlWriter.cpp \
sp_ds/extensions/Col_PN/ColorSetProcessing/SP_CPN_ColorSet.cpp \
sp_ds/extensions/Col_PN/ColorSetProcessing/SP_CPN_ColorSetClass.cpp \
sp_ds/extensions/Col_PN/ColorSetProcessing/SP_CPN_Binding.cpp \
sp_ds/extensions/Col_PN/ColorSetProcessing/SP_CPN_PlaceMultiSet.cpp \
sp_ds/extensions/Col_PN/ColorSetProcessing/SP_CPN_ValueAssign.cpp \
sp_ds/extensions/Col_PN/SyntaxChecking/SP_CPN_ColorProcessing.cpp \
sp_ds/extensions/Col_PN/SyntaxChecking/SP_CPN_SyntaxChecking.cpp \
sp_ds/extensions/Col_PN/SyntaxChecking/SP_IddUnFoldExpr.cpp \
sp_ds/extensions/SP_DS_MusicPedAnimation.cpp \
sp_ds/extensions/SP_DS_FTreePedAnimation.cpp \
sp_ds/extensions/SP_DS_PedAnimation.cpp \
sp_ds/extensions/SP_DS_Transformer.cpp \
sp_ds/extensions/SP_DS_CPN_StAnimExport.cpp \
sp_ds/extensions/SP_DS_Animation.cpp \
sp_ds/extensions/HybridPN/SP_DS_SimulatorThreadHybrid.cpp \
sp_ds/extensions/HybridPN/SP_DS_CheckTransitions.cpp \
sp_core/SP_Vector.cpp \
sp_core/SP_List.cpp \
sp_core/vector/SP_VectorReader.cpp \
sp_core/vector/SP_VectorScanner.cpp \
sp_core/vector/SP_VectorWriter.cpp \
sp_core/vector/SP_VectorParser.cpp \
sp_core/base/SP_ElementClass.cpp \
sp_core/base/SP_Animator.cpp \
sp_core/base/SP_Data.cpp \
sp_core/base/SP_Graphic.cpp \
sp_core/base/SP_NetElement.cpp \
sp_core/tools/SP_FTreeNodeColourizer.cpp \
sp_core/tools/rfdag.cpp \
sp_core/tools/SP_SimpleNetBuilder.cpp \
sp_core/tools/SP_ExpressionTree.cpp \
sp_core/tools/CyclicGraph.cpp \
sp_core/tools/SP_NetUnfolder.cpp \
sp_core/tools/SP_StopWatch.cpp \
sp_core/tools/SP_NodeColourizer.cpp \
sp_core/SP_GPR_Fonts.cpp \
sp_core/SP_Reader.cpp \
sp_core/SP_Set.cpp \
sp_core/SP_Deque.cpp \
sp_core/SP_GPR_Base.cpp \
sp_core/SP_Matrix.cpp \
sp_core/SP_Signer.cpp \
sp_core/SP_XmlReader.cpp \
sp_core/SP_Writer.cpp \
sp_core/FTree/SP_FTree_TermParser.cpp \
sp_core/FTree/SP_FTree_TermScanner.cpp \
sp_core/SP_PriorityQueue.cpp \
sp_core/SP_Map.cpp \
sp_core/SP_GPR_Animation.cpp \
sp_core/SP_GPR_Canvas.cpp \
sp_core/SP_XmlWriter.cpp \
sp_core/TParser/SP_Parser.cpp \
sp_core/SP_GPR_Elements.cpp \
sp_core/SP_Core.cpp \
sp_revision.cpp \
export/SP_ExportProd.cpp \
export/SP_ExportColFHPN2ColFCPN.cpp \
export/SP_ExportHPN2SPN.cpp \
export/SP_ExportCUDA.cpp \
export/SP_ExportPed2StochPed.cpp \
export/SP_ExportSPN2FSPN.cpp \
export/SP_ExportFHPN2FCPN.cpp \
export/SP_ExportColSPN2CSV.cpp \
export/SP_ExportPed2ColExtPT.cpp \
export/SP_ExportColCPN2ColFCPN.cpp \
export/SP_ExportEPS.cpp \
export/SP_ExportColHPN2ColEPN.cpp \
export/SP_ExportExtPT2StochPed.cpp \
export/SP_EXP_MIFDC.cpp \
export/SP_XfigDC.cpp \
export/SP_ExportPRISM.cpp \
export/SP_ExportModelica.cpp \
export/SP_ExportPed2TimePT.cpp \
export/SP_ExportColPT2ColStPN.cpp \
export/SP_ExportSBML.cpp \
export/SP_ExportColExtPT2CPNTool.cpp \
export/SP_ExportColCPN2ColHPN.cpp \
export/SP_ExportFHPN2HPN.cpp \
export/SP_ExportSMART.cpp \
export/SP_ExportColStPN2StochPed.cpp \
export/SP_ExportContPed2PedConvert.cpp \
export/SP_ExportColCPN2ColExtPT.cpp \
export/SP_ExportMETATOOL.cpp \
export/SP_Export2HPN.cpp \
export/SP_ExportExtPT2ContPed.cpp \
export/SP_ExportFSPN2ColFSPN.cpp \
export/SP_ExportColPN2APNN.cpp \
export/SP_ExportTMD.cpp \
export/SP_ExportContPed2SBML.cpp \
export/SP_ExportStochPed2ContPed.cpp \
export/SP_ExportColCPN2ColSPN.cpp \
export/SP_ExportSPN2Matlab.cpp \
export/SP_ExportHPN2CPN.cpp \
export/SP_ExportCPN2FCPN.cpp \
export/SP_ExportCPN2Matlab.cpp \
export/SP_ExportColPT2ColExtPN.cpp \
export/SP_ExportFCPN2CPN.cpp \
export/SP_ExportERODE.cpp \
export/SP_ExportColSPN2ColHPN.cpp \
export/SP_ExportColFCPN2FCPN.cpp \
export/SP_ExportGCM.cpp \
export/SP_ExportPNML.cpp \
export/SP_LatexDC.cpp \
export/SP_ExportContPed2PedConservative.cpp \
export/SP_ExportColSPN2ColCPN.cpp \
export/SP_ExportContPed2Ped.cpp \
export/SP_ExportModuloNets2Ped.cpp \
export/SP_ExportColFCPN2ColCPN.cpp \
export/SpConvertElement.cpp \
export/SP_ExportFCPN2FSPN.cpp \
export/SP_ExportFSPN2FHPN.cpp \
export/SP_ExportContODE2Text.cpp \
export/SP_ExportColExtPT2ExtPT.cpp \
export/SP_ExportMaria.cpp \
export/SP_ExportColPT2Structure.cpp \
export/SP_ExportCPP.cpp \
export/SP_ExportMusicPed2Ped.cpp \
export/SP_ExportTimePT2Ped.cpp \
export/SP_ExportFCPN2ColFCPN.cpp \
export/SP_ExportContPed2ExtPT.cpp \
export/SP_ExportManager.cpp \
export/SP_ExportColHPN2ColFHPN.cpp \
export/SP_ExportContPed2ColCPT.cpp \
export/SP_ExportAPNN.cpp \
export/SP_ExportCANDL_new.cpp \
export/SP_ExportXfig.cpp \
export/SP_ExportColCPN2ContPed.cpp \
export/SP_ExportConfiguration.cpp \
export/SP_ExportColPN2SSC.cpp \
export/SP_ExportContPed2StochPed.cpp \
export/SP_ExportColFHPN2ColFSPN.cpp \
export/SP_ExportTINA.cpp \
export/SP_ExportFspn2SPN.cpp \
export/SP_ExportStochPed2TimePT.cpp \
export/SP_ExportReport.cpp \
export/SP_ExportPed2ContPed.cpp \
export/SP_ExportPed2MusicPed.cpp \
export/SP_ExportPed2ModuloNets.cpp \
export/SP_ExportExtPT2Ped.cpp \
export/SP_ExportTPN2Matlab.cpp \
export/SP_ExportPed2ExtPT.cpp \
export/SP_ExportColPN2ColHPN.cpp \
export/SP_ExportPT.cpp \
export/SP_ExportColExtPT2ColCPN.cpp \
export/SP_ExportContPed2METATOOL.cpp \
export/SP_ExportPed2ColPT.cpp \
export/SP_ExportMIF.cpp \
export/SP_ExportColPT2PT.cpp \
export/SP_ExportColHPN2ColSPN.cpp \
export/SP_ExportHybridPN2ColHybridPN.cpp \
export/SP_ExportHPN2FHPN.cpp \
export/SP_ExportRomeo.cpp \
export/SP_ExportColExtPT2ColStPN.cpp \
export/SP_ExportColFSPN2ColSPN.cpp \
export/SP_ExportLLPEP.cpp \
export/SP_ExportColFHPN2ColHPN.cpp \
export/SP_ExportFHPN2ColFHPN.cpp \
export/SP_ExportFHPN2FSPN.cpp \
export/SP_ExportColHPN2HybridPN.cpp \
export/SP_ExportStochPed2ExtPT.cpp \
export/SP_ExportColHPN2ColPN.cpp \
export/SP_ExportContPed2PedRed.cpp \
export/SP_ExportColSPN2ColFSPN.cpp \
export/SP_ExportColEPN2ColHPN.cpp \
export/SP_ExportColFCPN2ColFSPN.cpp \
export/SP_ExportColFSPN2FSPN.cpp \
export/SP_ExportLoLA.cpp \
export/SP_ExportColCPN2ColPT.cpp \
export/SP_ExportColFCPN2ColFHPN.cpp \
export/SP_ExportColPT2ColCPN.cpp \
export/SP_ExportFTree2ExtFTree.cpp \
export/SP_ExportStochPed2ColSPT.cpp \
export/SP_ExportColExtPT2ColPN.cpp \
export/SP_ExportContODE2Octave.cpp \
export/SP_ExportCSV.cpp \
export/SP_ExportColStPN2ColExPN.cpp \
export/SP_ExportExtPT2ColExtPT.cpp \
export/SP_ExportColFSPN2ColFCPN.cpp \
export/SP_ExportFSPN2FCPN.cpp \
export/SP_ExportColFSPN2ColFHPN.cpp \
export/SP_ExportColPN2SBML.cpp \
export/SP_ExportColPN2ANDL_new.cpp \
export/SP_EPSDC.cpp \
export/SP_ExportLatex.cpp \
export/SP_ExportSyRePa.cpp \
export/SP_ExportColFHPN2FHPN.cpp \
export/SP_ExportFAU.cpp \
export/SP_ExportFCPN2FHPN.cpp \
export/SP_ExportINA.cpp \
export/SP_IL_SMART.cpp \
export/SP_ExportContPed2LaTeX.cpp \
export/SP_ExportColHPN2ColCPN.cpp \
export/SP_ExportANDL.cpp \
export/SP_ExportStochPed2Ped.cpp \
export/SP_ExportColPN2ANDL.cpp \
export/SP_CTL_SMART.cpp \
export/SP_ExportColStPN2ColPT.cpp \
export/SP_ExportTIM.cpp
